# JRE version: OpenJDK Runtime Environment (11.0.10) (build 11.0.10+0-b96-7249189)
# Java VM: OpenJDK 64-Bit Server VM (11.0.10+0-b96-7249189, mixed mode, tiered, compressed oops, g1 gc, windows-amd64)
Heap:
 garbage-first heap   total 187392K, used 130283K [0x0000000080000000, 0x0000000100000000)
  region size 1024K, 30 young (30720K), 8 survivors (8192K)
 Metaspace       used 116340K, capacity 119493K, committed 119680K, reserved 1153024K
  class space    used 14593K, capacity 15700K, committed 15744K, reserved 1048576K
GC Heap History (20 events):
Event: 21.390 GC heap before
{Heap before GC invocations=32 (full 0):
 garbage-first heap   total 187392K, used 156684K [0x0000000080000000, 0x0000000100000000)
  region size 1024K, 57 young (58368K), 5 survivors (5120K)
 Metaspace       used 103135K, capacity 105877K, committed 106240K, reserved 1140736K
  class space    used 13040K, capacity 13960K, committed 14080K, reserved 1048576K
}
Event: 21.394 GC heap after
{Heap after GC invocations=33 (full 0):
 garbage-first heap   total 187392K, used 104673K [0x0000000080000000, 0x0000000100000000)
  region size 1024K, 2 young (2048K), 2 survivors (2048K)
 Metaspace       used 103135K, capacity 105877K, committed 106240K, reserved 1140736K
  class space    used 13040K, capacity 13960K, committed 14080K, reserved 1048576K
}
Event: 21.473 GC heap before
{Heap before GC invocations=33 (full 0):
 garbage-first heap   total 187392K, used 156897K [0x0000000080000000, 0x0000000100000000)
  region size 1024K, 53 young (54272K), 2 survivors (2048K)
 Metaspace       used 103135K, capacity 105877K, committed 106240K, reserved 1140736K
  class space    used 13040K, capacity 13960K, committed 14080K, reserved 1048576K
}
Event: 21.476 GC heap after
{Heap after GC invocations=34 (full 0):
 garbage-first heap   total 187392K, used 105095K [0x0000000080000000, 0x0000000100000000)
  region size 1024K, 3 young (3072K), 3 survivors (3072K)
 Metaspace       used 103135K, capacity 105877K, committed 106240K, reserved 1140736K
  class space    used 13040K, capacity 13960K, committed 14080K, reserved 1048576K
}
Event: 21.725 GC heap before
{Heap before GC invocations=35 (full 0):
 garbage-first heap   total 187392K, used 144007K [0x0000000080000000, 0x0000000100000000)
  region size 1024K, 42 young (43008K), 3 survivors (3072K)
 Metaspace       used 103124K, capacity 105701K, committed 106240K, reserved 1140736K
  class space    used 13014K, capacity 13876K, committed 14080K, reserved 1048576K
}
Event: 21.727 GC heap after
{Heap after GC invocations=36 (full 0):
 garbage-first heap   total 187392K, used 101484K [0x0000000080000000, 0x0000000100000000)
  region size 1024K, 1 young (1024K), 1 survivors (1024K)
 Metaspace       used 103124K, capacity 105701K, committed 106240K, reserved 1140736K
  class space    used 13014K, capacity 13876K, committed 14080K, reserved 1048576K
}
Event: 21.944 GC heap before
{Heap before GC invocations=37 (full 0):
 garbage-first heap   total 187392K, used 158828K [0x0000000080000000, 0x0000000100000000)
  region size 1024K, 55 young (56320K), 1 survivors (1024K)
 Metaspace       used 103614K, capacity 106181K, committed 106752K, reserved 1142784K
  class space    used 13036K, capacity 13908K, committed 14080K, reserved 1048576K
}
Event: 21.946 GC heap after
{Heap after GC invocations=38 (full 0):
 garbage-first heap   total 187392K, used 106253K [0x0000000080000000, 0x0000000100000000)
  region size 1024K, 4 young (4096K), 4 survivors (4096K)
 Metaspace       used 103614K, capacity 106181K, committed 106752K, reserved 1142784K
  class space    used 13036K, capacity 13908K, committed 14080K, reserved 1048576K
}
Event: 22.091 GC heap before
{Heap before GC invocations=38 (full 0):
 garbage-first heap   total 187392K, used 159501K [0x0000000080000000, 0x0000000100000000)
  region size 1024K, 56 young (57344K), 4 survivors (4096K)
 Metaspace       used 103617K, capacity 106181K, committed 106752K, reserved 1142784K
  class space    used 13036K, capacity 13908K, committed 14080K, reserved 1048576K
}
Event: 22.094 GC heap after
{Heap after GC invocations=39 (full 0):
 garbage-first heap   total 187392K, used 106508K [0x0000000080000000, 0x0000000100000000)
  region size 1024K, 4 young (4096K), 4 survivors (4096K)
 Metaspace       used 103617K, capacity 106181K, committed 106752K, reserved 1142784K
  class space    used 13036K, capacity 13908K, committed 14080K, reserved 1048576K
}
Event: 22.229 GC heap before
{Heap before GC invocations=40 (full 0):
 garbage-first heap   total 187392K, used 159756K [0x0000000080000000, 0x0000000100000000)
  region size 1024K, 56 young (57344K), 4 survivors (4096K)
 Metaspace       used 103621K, capacity 106181K, committed 106752K, reserved 1142784K
  class space    used 13036K, capacity 13908K, committed 14080K, reserved 1048576K
}
Event: 22.232 GC heap after
{Heap after GC invocations=41 (full 0):
 garbage-first heap   total 187392K, used 106579K [0x0000000080000000, 0x0000000100000000)
  region size 1024K, 4 young (4096K), 4 survivors (4096K)
 Metaspace       used 103621K, capacity 106181K, committed 106752K, reserved 1142784K
  class space    used 13036K, capacity 13908K, committed 14080K, reserved 1048576K
}
Event: 22.359 GC heap before
{Heap before GC invocations=41 (full 0):
 garbage-first heap   total 187392K, used 159827K [0x0000000080000000, 0x0000000100000000)
  region size 1024K, 56 young (57344K), 4 survivors (4096K)
 Metaspace       used 103638K, capacity 106245K, committed 106752K, reserved 1142784K
  class space    used 13037K, capacity 13908K, committed 14080K, reserved 1048576K
}
Event: 22.361 GC heap after
{Heap after GC invocations=42 (full 0):
 garbage-first heap   total 187392K, used 106771K [0x0000000080000000, 0x0000000100000000)
  region size 1024K, 4 young (4096K), 4 survivors (4096K)
 Metaspace       used 103638K, capacity 106245K, committed 106752K, reserved 1142784K
  class space    used 13037K, capacity 13908K, committed 14080K, reserved 1048576K
}
Event: 23.306 GC heap before
{Heap before GC invocations=43 (full 0):
 garbage-first heap   total 187392K, used 161043K [0x0000000080000000, 0x0000000100000000)
  region size 1024K, 57 young (58368K), 4 survivors (4096K)
 Metaspace       used 106962K, capacity 109651K, committed 109824K, reserved 1144832K
  class space    used 13526K, capacity 14482K, committed 14592K, reserved 1048576K
}
Event: 23.307 GC heap after
{Heap after GC invocations=44 (full 0):
 garbage-first heap   total 187392K, used 102162K [0x0000000080000000, 0x0000000100000000)
  region size 1024K, 1 young (1024K), 1 survivors (1024K)
 Metaspace       used 106962K, capacity 109651K, committed 109824K, reserved 1144832K
  class space    used 13526K, capacity 14482K, committed 14592K, reserved 1048576K
}
Event: 24.619 GC heap before
{Heap before GC invocations=44 (full 0):
 garbage-first heap   total 187392K, used 159506K [0x0000000080000000, 0x0000000100000000)
  region size 1024K, 57 young (58368K), 1 survivors (1024K)
 Metaspace       used 112461K, capacity 115395K, committed 115584K, reserved 1148928K
  class space    used 14144K, capacity 15221K, committed 15232K, reserved 1048576K
}
Event: 24.623 GC heap after
{Heap after GC invocations=45 (full 0):
 garbage-first heap   total 187392K, used 104996K [0x0000000080000000, 0x0000000100000000)
  region size 1024K, 4 young (4096K), 4 survivors (4096K)
 Metaspace       used 112461K, capacity 115395K, committed 115584K, reserved 1148928K
  class space    used 14144K, capacity 15221K, committed 15232K, reserved 1048576K
}
Event: 89.429 GC heap before
{Heap before GC invocations=46 (full 0):
 garbage-first heap   total 187392K, used 159268K [0x0000000080000000, 0x0000000100000000)
  region size 1024K, 58 young (59392K), 4 survivors (4096K)
 Metaspace       used 115378K, capacity 118463K, committed 118784K, reserved 1153024K
  class space    used 14454K, capacity 15546K, committed 15616K, reserved 1048576K
}
Event: 89.436 GC heap after
{Heap after GC invocations=47 (full 0):
 garbage-first heap   total 187392K, used 109803K [0x0000000080000000, 0x0000000100000000)
  region size 1024K, 8 young (8192K), 8 survivors (8192K)
 Metaspace       used 115378K, capacity 118463K, committed 118784K, reserved 1153024K
  class space    used 14454K, capacity 15546K, committed 15616K, reserved 1048576K
}

